<?xml version="1.0" encoding="UTF-8"?>
<testng-results ignored="0" total="1" passed="1" failed="0" skipped="0">
  <reporter-output>
  </reporter-output>
  <suite started-at="2025-03-15T15:23:47 IST" name="Suite" finished-at="2025-03-15T15:24:23 IST" duration-ms="35875">
    <groups>
    </groups>
    <test started-at="2025-03-15T15:23:47 IST" name="Test" finished-at="2025-03-15T15:24:23 IST" duration-ms="35875">
      <class name="com.obs.tests.A13BannerMessageForWithdrawAmount">
        <test-method is-config="true" signature="initialyeReport()[pri:0, instance:com.obs.tests.A13BannerMessageForWithdrawAmount@451001e5]" started-at="2025-03-15T15:23:47 IST" name="initialyeReport" finished-at="2025-03-15T15:23:47 IST" duration-ms="252" status="PASS">
          <reporter-output>
          </reporter-output>
        </test-method> <!-- initialyeReport -->
        <test-method is-config="true" signature="launch(java.lang.String,java.lang.reflect.Method)[pri:0, instance:com.obs.tests.A13BannerMessageForWithdrawAmount@451001e5]" started-at="2025-03-15T15:23:47 IST" name="launch" finished-at="2025-03-15T15:23:50 IST" duration-ms="2447" status="PASS">
          <params>
            <param index="0">
              <value>
                <![CDATA[chrome]]>
              </value>
            </param>
            <param index="1">
              <value>
                <![CDATA[public void com.obs.tests.A13BannerMessageForWithdrawAmount.Validate_BanerMessageForWithdrawAmount() throws java.io.IOException,java.lang.InterruptedException]]>
              </value>
            </param>
          </params>
          <reporter-output>
          </reporter-output>
        </test-method> <!-- launch -->
        <test-method signature="Validate_BanerMessageForWithdrawAmount()[pri:0, instance:com.obs.tests.A13BannerMessageForWithdrawAmount@451001e5]" started-at="2025-03-15T15:23:50 IST" name="Validate_BanerMessageForWithdrawAmount" finished-at="2025-03-15T15:24:19 IST" duration-ms="29055" status="PASS">
          <reporter-output>
          </reporter-output>
        </test-method> <!-- Validate_BanerMessageForWithdrawAmount -->
        <test-method is-config="true" signature="closeBrowser(org.testng.ITestResult)[pri:0, instance:com.obs.tests.A13BannerMessageForWithdrawAmount@451001e5]" started-at="2025-03-15T15:24:19 IST" name="closeBrowser" finished-at="2025-03-15T15:24:23 IST" duration-ms="4314" status="PASS">
          <params>
            <param index="0">
              <value>
                <![CDATA[[TestResult name=Validate_BanerMessageForWithdrawAmount status=SUCCESS method=A13BannerMessageForWithdrawAmount.Validate_BanerMessageForWithdrawAmount()[pri:0, instance:com.obs.tests.A13BannerMessageForWithdrawAmount@451001e5] output={null}]]]>
              </value>
            </param>
          </params>
          <reporter-output>
          </reporter-output>
        </test-method> <!-- closeBrowser -->
        <test-method is-config="true" signature="cleanup()[pri:0, instance:com.obs.tests.A13BannerMessageForWithdrawAmount@451001e5]" started-at="2025-03-15T15:24:23 IST" name="cleanup" finished-at="2025-03-15T15:24:24 IST" duration-ms="508" status="PASS">
          <reporter-output>
          </reporter-output>
        </test-method> <!-- cleanup -->
      </class> <!-- com.obs.tests.A13BannerMessageForWithdrawAmount -->
    </test> <!-- Test -->
  </suite> <!-- Suite -->
</testng-results>
